starting the process at: 2025-04-21 13:37:01
/home/dungnt378/Desktop/work/SLA_PROBE/SLA_GAME/sla_get.sh: 5: source: not found
/home/dungnt378/Desktop/work/SLA_PROBE/SLA_GAME/fetch_SLA_data.py:68: DeprecationWarning: The 'body' parameter is deprecated for the 'search' API and will be removed in a future version. Instead use API parameters directly. See https://github.com/elastic/elasticsearch-py/issues/1698 for more information
  resp = client.search(index=idx, body=query, scroll="2m")
/home/dungnt378/Desktop/work/SLA_PROBE/SLA_GAME/fetch_SLA_data.py:125: FutureWarning: Series.__getitem__ treating keys as positions is deprecated. In a future version, integer keys will always be treated as labels (consistent with DataFrame behavior). To access a value by position, use `ser.iloc[pos]`
  latency_avg_per_week = [round((g[1].sum() / len(g[1]))[1], 2) for g in group2]
/home/dungnt378/Desktop/work/SLA_PROBE/SLA_GAME/fetch_SLA_data.py:126: FutureWarning: Series.__getitem__ treating keys as positions is deprecated. In a future version, integer keys will always be treated as labels (consistent with DataFrame behavior). To access a value by position, use `ser.iloc[pos]`
  packetloss_avg_per_week = [round((g[1].sum() / len(g[1]))[0], 2) for g in group2]
/home/dungnt378/Desktop/work/SLA_PROBE/SLA_GAME/fetch_SLA_data.py:133: FutureWarning: Series.__getitem__ treating keys as positions is deprecated. In a future version, integer keys will always be treated as labels (consistent with DataFrame behavior). To access a value by position, use `ser.iloc[pos]`
  latency_avg_per_week += [round((g[1].sum() / len(g[1]))[1], 2) for g in group1]
/home/dungnt378/Desktop/work/SLA_PROBE/SLA_GAME/fetch_SLA_data.py:134: FutureWarning: Series.__getitem__ treating keys as positions is deprecated. In a future version, integer keys will always be treated as labels (consistent with DataFrame behavior). To access a value by position, use `ser.iloc[pos]`
  packetloss_avg_per_week += [round((g[1].sum() / len(g[1]))[0], 2) for g in group1]
(7, 17, 1)
✅ Data successfully fetched
(7, 17, 1)
✅ Data successfully fetched
(7, 17, 1)
✅ Data successfully fetched
starting the process at: 2025-04-21 13:38:01
/home/dungnt378/Desktop/work/SLA_PROBE/SLA_GAME/sla_get.sh: 5: source: not found
/home/dungnt378/Desktop/work/SLA_PROBE/SLA_GAME/fetch_SLA_data.py:68: DeprecationWarning: The 'body' parameter is deprecated for the 'search' API and will be removed in a future version. Instead use API parameters directly. See https://github.com/elastic/elasticsearch-py/issues/1698 for more information
  resp = client.search(index=idx, body=query, scroll="2m")
/home/dungnt378/Desktop/work/SLA_PROBE/SLA_GAME/fetch_SLA_data.py:125: FutureWarning: Series.__getitem__ treating keys as positions is deprecated. In a future version, integer keys will always be treated as labels (consistent with DataFrame behavior). To access a value by position, use `ser.iloc[pos]`
  latency_avg_per_week = [round((g[1].sum() / len(g[1]))[1], 2) for g in group2]
/home/dungnt378/Desktop/work/SLA_PROBE/SLA_GAME/fetch_SLA_data.py:126: FutureWarning: Series.__getitem__ treating keys as positions is deprecated. In a future version, integer keys will always be treated as labels (consistent with DataFrame behavior). To access a value by position, use `ser.iloc[pos]`
  packetloss_avg_per_week = [round((g[1].sum() / len(g[1]))[0], 2) for g in group2]
/home/dungnt378/Desktop/work/SLA_PROBE/SLA_GAME/fetch_SLA_data.py:133: FutureWarning: Series.__getitem__ treating keys as positions is deprecated. In a future version, integer keys will always be treated as labels (consistent with DataFrame behavior). To access a value by position, use `ser.iloc[pos]`
  latency_avg_per_week += [round((g[1].sum() / len(g[1]))[1], 2) for g in group1]
/home/dungnt378/Desktop/work/SLA_PROBE/SLA_GAME/fetch_SLA_data.py:134: FutureWarning: Series.__getitem__ treating keys as positions is deprecated. In a future version, integer keys will always be treated as labels (consistent with DataFrame behavior). To access a value by position, use `ser.iloc[pos]`
  packetloss_avg_per_week += [round((g[1].sum() / len(g[1]))[0], 2) for g in group1]
(7, 17, 1)
✅ Data successfully fetched
(7, 17, 1)
✅ Data successfully fetched
(7, 17, 1)
✅ Data successfully fetched
starting the process at: 2025-04-21 13:39:02
/home/dungnt378/Desktop/work/SLA_PROBE/SLA_GAME/sla_get.sh: 5: source: not found
/home/dungnt378/Desktop/work/SLA_PROBE/SLA_GAME/fetch_SLA_data.py:68: DeprecationWarning: The 'body' parameter is deprecated for the 'search' API and will be removed in a future version. Instead use API parameters directly. See https://github.com/elastic/elasticsearch-py/issues/1698 for more information
  resp = client.search(index=idx, body=query, scroll="2m")
/home/dungnt378/Desktop/work/SLA_PROBE/SLA_GAME/fetch_SLA_data.py:125: FutureWarning: Series.__getitem__ treating keys as positions is deprecated. In a future version, integer keys will always be treated as labels (consistent with DataFrame behavior). To access a value by position, use `ser.iloc[pos]`
  latency_avg_per_week = [round((g[1].sum() / len(g[1]))[1], 2) for g in group2]
/home/dungnt378/Desktop/work/SLA_PROBE/SLA_GAME/fetch_SLA_data.py:126: FutureWarning: Series.__getitem__ treating keys as positions is deprecated. In a future version, integer keys will always be treated as labels (consistent with DataFrame behavior). To access a value by position, use `ser.iloc[pos]`
  packetloss_avg_per_week = [round((g[1].sum() / len(g[1]))[0], 2) for g in group2]
/home/dungnt378/Desktop/work/SLA_PROBE/SLA_GAME/fetch_SLA_data.py:133: FutureWarning: Series.__getitem__ treating keys as positions is deprecated. In a future version, integer keys will always be treated as labels (consistent with DataFrame behavior). To access a value by position, use `ser.iloc[pos]`
  latency_avg_per_week += [round((g[1].sum() / len(g[1]))[1], 2) for g in group1]
/home/dungnt378/Desktop/work/SLA_PROBE/SLA_GAME/fetch_SLA_data.py:134: FutureWarning: Series.__getitem__ treating keys as positions is deprecated. In a future version, integer keys will always be treated as labels (consistent with DataFrame behavior). To access a value by position, use `ser.iloc[pos]`
  packetloss_avg_per_week += [round((g[1].sum() / len(g[1]))[0], 2) for g in group1]
(7, 17, 1)
✅ Data successfully fetched
(7, 17, 1)
✅ Data successfully fetched
(7, 17, 1)
✅ Data successfully fetched
starting the process at: 2025-04-21 13:40:01
/home/dungnt378/Desktop/work/SLA_PROBE/SLA_GAME/sla_get.sh: 5: source: not found
/home/dungnt378/Desktop/work/SLA_PROBE/SLA_GAME/fetch_SLA_data.py:68: DeprecationWarning: The 'body' parameter is deprecated for the 'search' API and will be removed in a future version. Instead use API parameters directly. See https://github.com/elastic/elasticsearch-py/issues/1698 for more information
  resp = client.search(index=idx, body=query, scroll="2m")
/home/dungnt378/Desktop/work/SLA_PROBE/SLA_GAME/fetch_SLA_data.py:125: FutureWarning: Series.__getitem__ treating keys as positions is deprecated. In a future version, integer keys will always be treated as labels (consistent with DataFrame behavior). To access a value by position, use `ser.iloc[pos]`
  latency_avg_per_week = [round((g[1].sum() / len(g[1]))[1], 2) for g in group2]
/home/dungnt378/Desktop/work/SLA_PROBE/SLA_GAME/fetch_SLA_data.py:126: FutureWarning: Series.__getitem__ treating keys as positions is deprecated. In a future version, integer keys will always be treated as labels (consistent with DataFrame behavior). To access a value by position, use `ser.iloc[pos]`
  packetloss_avg_per_week = [round((g[1].sum() / len(g[1]))[0], 2) for g in group2]
/home/dungnt378/Desktop/work/SLA_PROBE/SLA_GAME/fetch_SLA_data.py:133: FutureWarning: Series.__getitem__ treating keys as positions is deprecated. In a future version, integer keys will always be treated as labels (consistent with DataFrame behavior). To access a value by position, use `ser.iloc[pos]`
  latency_avg_per_week += [round((g[1].sum() / len(g[1]))[1], 2) for g in group1]
/home/dungnt378/Desktop/work/SLA_PROBE/SLA_GAME/fetch_SLA_data.py:134: FutureWarning: Series.__getitem__ treating keys as positions is deprecated. In a future version, integer keys will always be treated as labels (consistent with DataFrame behavior). To access a value by position, use `ser.iloc[pos]`
  packetloss_avg_per_week += [round((g[1].sum() / len(g[1]))[0], 2) for g in group1]
(7, 17, 1)
✅ Data successfully fetched
(7, 17, 1)
✅ Data successfully fetched
(7, 17, 1)
✅ Data successfully fetched
starting the process at: 2025-04-24 08:30:01
/home/dungnt378/Desktop/work/SLA_PROBE/SLA_GAME/sla_get.sh: 5: source: not found
/home/dungnt378/Desktop/work/SLA_PROBE/SLA_GAME/fetch_SLA_data.py:68: DeprecationWarning: The 'body' parameter is deprecated for the 'search' API and will be removed in a future version. Instead use API parameters directly. See https://github.com/elastic/elasticsearch-py/issues/1698 for more information
  resp = client.search(index=idx, body=query, scroll="2m")
/home/dungnt378/Desktop/work/SLA_PROBE/SLA_GAME/fetch_SLA_data.py:125: FutureWarning: Series.__getitem__ treating keys as positions is deprecated. In a future version, integer keys will always be treated as labels (consistent with DataFrame behavior). To access a value by position, use `ser.iloc[pos]`
  latency_avg_per_week = [round((g[1].sum() / len(g[1]))[1], 2) for g in group2]
/home/dungnt378/Desktop/work/SLA_PROBE/SLA_GAME/fetch_SLA_data.py:126: FutureWarning: Series.__getitem__ treating keys as positions is deprecated. In a future version, integer keys will always be treated as labels (consistent with DataFrame behavior). To access a value by position, use `ser.iloc[pos]`
  packetloss_avg_per_week = [round((g[1].sum() / len(g[1]))[0], 2) for g in group2]
/home/dungnt378/Desktop/work/SLA_PROBE/SLA_GAME/fetch_SLA_data.py:133: FutureWarning: Series.__getitem__ treating keys as positions is deprecated. In a future version, integer keys will always be treated as labels (consistent with DataFrame behavior). To access a value by position, use `ser.iloc[pos]`
  latency_avg_per_week += [round((g[1].sum() / len(g[1]))[1], 2) for g in group1]
/home/dungnt378/Desktop/work/SLA_PROBE/SLA_GAME/fetch_SLA_data.py:134: FutureWarning: Series.__getitem__ treating keys as positions is deprecated. In a future version, integer keys will always be treated as labels (consistent with DataFrame behavior). To access a value by position, use `ser.iloc[pos]`
  packetloss_avg_per_week += [round((g[1].sum() / len(g[1]))[0], 2) for g in group1]
(7, 17, 1)
✅ Data successfully fetched
(7, 17, 1)
✅ Data successfully fetched
(7, 17, 1)
✅ Data successfully fetched
starting the process at: 2025-04-28 08:30:01
/home/dungnt378/Desktop/work/SLA_PROBE/SLA_GAME/sla_get.sh: 5: source: not found
/home/dungnt378/Desktop/work/SLA_PROBE/SLA_GAME/fetch_SLA_data.py:68: DeprecationWarning: The 'body' parameter is deprecated for the 'search' API and will be removed in a future version. Instead use API parameters directly. See https://github.com/elastic/elasticsearch-py/issues/1698 for more information
  resp = client.search(index=idx, body=query, scroll="2m")
/home/dungnt378/Desktop/work/SLA_PROBE/SLA_GAME/fetch_SLA_data.py:127: FutureWarning: Series.__getitem__ treating keys as positions is deprecated. In a future version, integer keys will always be treated as labels (consistent with DataFrame behavior). To access a value by position, use `ser.iloc[pos]`
  latency_avg_per_week = [round((g[1].sum() / len(g[1]))[1], 2) for g in group2]
/home/dungnt378/Desktop/work/SLA_PROBE/SLA_GAME/fetch_SLA_data.py:128: FutureWarning: Series.__getitem__ treating keys as positions is deprecated. In a future version, integer keys will always be treated as labels (consistent with DataFrame behavior). To access a value by position, use `ser.iloc[pos]`
  packetloss_avg_per_week = [round((g[1].sum() / len(g[1]))[0], 2) for g in group2]
/home/dungnt378/Desktop/work/SLA_PROBE/SLA_GAME/fetch_SLA_data.py:135: FutureWarning: Series.__getitem__ treating keys as positions is deprecated. In a future version, integer keys will always be treated as labels (consistent with DataFrame behavior). To access a value by position, use `ser.iloc[pos]`
  latency_avg_per_week += [round((g[1].sum() / len(g[1]))[1], 2) for g in group1]
/home/dungnt378/Desktop/work/SLA_PROBE/SLA_GAME/fetch_SLA_data.py:136: FutureWarning: Series.__getitem__ treating keys as positions is deprecated. In a future version, integer keys will always be treated as labels (consistent with DataFrame behavior). To access a value by position, use `ser.iloc[pos]`
  packetloss_avg_per_week += [round((g[1].sum() / len(g[1]))[0], 2) for g in group1]
Running main.py as script
Mode selected: up
(7, 17, 1)
✅ Data successfully fetched
(7, 17, 1)
✅ Data successfully fetched
(7, 17, 1)
✅ Data successfully fetched
FILE BROWSER MODE: up
connected
Uploaded: ./result/average_data_for_game_04-28_v2.xlsx
DONE
starting the process at: 2025-05-01 08:30:01
/home/dungnt378/Desktop/work/SLA_PROBE/SLA_GAME/sla_get.sh: 5: source: not found
/home/dungnt378/Desktop/work/SLA_PROBE/SLA_GAME/fetch_SLA_data.py:68: DeprecationWarning: The 'body' parameter is deprecated for the 'search' API and will be removed in a future version. Instead use API parameters directly. See https://github.com/elastic/elasticsearch-py/issues/1698 for more information
  resp = client.search(index=idx, body=query, scroll="2m")
/home/dungnt378/Desktop/work/SLA_PROBE/SLA_GAME/fetch_SLA_data.py:127: FutureWarning: Series.__getitem__ treating keys as positions is deprecated. In a future version, integer keys will always be treated as labels (consistent with DataFrame behavior). To access a value by position, use `ser.iloc[pos]`
  latency_avg_per_week = [round((g[1].sum() / len(g[1]))[1], 2) for g in group2]
/home/dungnt378/Desktop/work/SLA_PROBE/SLA_GAME/fetch_SLA_data.py:128: FutureWarning: Series.__getitem__ treating keys as positions is deprecated. In a future version, integer keys will always be treated as labels (consistent with DataFrame behavior). To access a value by position, use `ser.iloc[pos]`
  packetloss_avg_per_week = [round((g[1].sum() / len(g[1]))[0], 2) for g in group2]
/home/dungnt378/Desktop/work/SLA_PROBE/SLA_GAME/fetch_SLA_data.py:135: FutureWarning: Series.__getitem__ treating keys as positions is deprecated. In a future version, integer keys will always be treated as labels (consistent with DataFrame behavior). To access a value by position, use `ser.iloc[pos]`
  latency_avg_per_week += [round((g[1].sum() / len(g[1]))[1], 2) for g in group1]
/home/dungnt378/Desktop/work/SLA_PROBE/SLA_GAME/fetch_SLA_data.py:136: FutureWarning: Series.__getitem__ treating keys as positions is deprecated. In a future version, integer keys will always be treated as labels (consistent with DataFrame behavior). To access a value by position, use `ser.iloc[pos]`
  packetloss_avg_per_week += [round((g[1].sum() / len(g[1]))[0], 2) for g in group1]
Running main.py as script
Mode selected: up
(7, 17, 1)
❌ Error fetching data for 2025-05-01 to 2025-05-01: NotFoundError(404, 'index_not_found_exception', 'no such index [sla-ftel-v2-probe-baseline-05-2025]', sla-ftel-v2-probe-baseline-05-2025, index_or_alias)
✅ Data successfully fetched
(7, 17, 1)
❌ Error fetching data for 2025-05-01 to 2025-05-01: NotFoundError(404, 'index_not_found_exception', 'no such index [sla-ftel-v2-probe-baseline-normal-05-2025]', sla-ftel-v2-probe-baseline-normal-05-2025, index_or_alias)
✅ Data successfully fetched
(7, 17, 1)
❌ Error fetching data for 2025-05-01 to 2025-05-01: NotFoundError(404, 'index_not_found_exception', 'no such index [sla-ftel-v2-probe-baseline-rush-05-2025]', sla-ftel-v2-probe-baseline-rush-05-2025, index_or_alias)
✅ Data successfully fetched
FILE BROWSER MODE: up
Traceback (most recent call last):
  File "/home/dungnt378/Desktop/work/SLA_PROBE/venv/lib/python3.12/site-packages/aiohttp/connector.py", line 1115, in _wrap_create_connection
    sock = await aiohappyeyeballs.start_connection(
           ^^^^^^^^^^^^^^^^^^^^^^^^^^^^^^^^^^^^^^^^
  File "/home/dungnt378/Desktop/work/SLA_PROBE/venv/lib/python3.12/site-packages/aiohappyeyeballs/impl.py", line 122, in start_connection
    raise first_exception
  File "/home/dungnt378/Desktop/work/SLA_PROBE/venv/lib/python3.12/site-packages/aiohappyeyeballs/impl.py", line 73, in start_connection
    sock = await _connect_sock(
           ^^^^^^^^^^^^^^^^^^^^
  File "/home/dungnt378/Desktop/work/SLA_PROBE/venv/lib/python3.12/site-packages/aiohappyeyeballs/impl.py", line 208, in _connect_sock
    await loop.sock_connect(sock, address)
  File "/usr/lib/python3.12/asyncio/selector_events.py", line 651, in sock_connect
    return await fut
           ^^^^^^^^^
  File "/usr/lib/python3.12/asyncio/selector_events.py", line 691, in _sock_connect_cb
    raise OSError(err, f'Connect call failed {address}')
ConnectionRefusedError: [Errno 111] Connect call failed ('127.0.0.1', 8080)

The above exception was the direct cause of the following exception:

Traceback (most recent call last):
  File "/home/dungnt378/Desktop/work/SLA_PROBE/SLA_GAME/fetch_SLA_data.py", line 167, in <module>
    main(args.m)
  File "/home/dungnt378/Desktop/work/SLA_PROBE/SLA_GAME/fetch_SLA_data.py", line 157, in main
    filebrowseraction(file=file, args=mode)
  File "/home/dungnt378/Desktop/work/SLA_PROBE/SLA_GAME/action.py", line 20, in filebrowseraction
    asyncio.run(connect(file,args))
  File "/usr/lib/python3.12/asyncio/runners.py", line 194, in run
    return runner.run(main)
           ^^^^^^^^^^^^^^^^
  File "/usr/lib/python3.12/asyncio/runners.py", line 118, in run
    return self._loop.run_until_complete(task)
           ^^^^^^^^^^^^^^^^^^^^^^^^^^^^^^^^^^^
  File "/usr/lib/python3.12/asyncio/base_events.py", line 687, in run_until_complete
    return future.result()
           ^^^^^^^^^^^^^^^
  File "/home/dungnt378/Desktop/work/SLA_PROBE/SLA_GAME/action.py", line 7, in connect
    await client.connect()
  File "/home/dungnt378/Desktop/work/SLA_PROBE/venv/lib/python3.12/site-packages/filebrowser_client/client.py", line 54, in connect
    async with session.post(
  File "/home/dungnt378/Desktop/work/SLA_PROBE/venv/lib/python3.12/site-packages/aiohttp/client.py", line 1425, in __aenter__
    self._resp: _RetType = await self._coro
                           ^^^^^^^^^^^^^^^^
  File "/home/dungnt378/Desktop/work/SLA_PROBE/venv/lib/python3.12/site-packages/aiohttp/client.py", line 703, in _request
    conn = await self._connector.connect(
           ^^^^^^^^^^^^^^^^^^^^^^^^^^^^^^
  File "/home/dungnt378/Desktop/work/SLA_PROBE/venv/lib/python3.12/site-packages/aiohttp/connector.py", line 548, in connect
    proto = await self._create_connection(req, traces, timeout)
            ^^^^^^^^^^^^^^^^^^^^^^^^^^^^^^^^^^^^^^^^^^^^^^^^^^^
  File "/home/dungnt378/Desktop/work/SLA_PROBE/venv/lib/python3.12/site-packages/aiohttp/connector.py", line 1056, in _create_connection
    _, proto = await self._create_direct_connection(req, traces, timeout)
               ^^^^^^^^^^^^^^^^^^^^^^^^^^^^^^^^^^^^^^^^^^^^^^^^^^^^^^^^^^
  File "/home/dungnt378/Desktop/work/SLA_PROBE/venv/lib/python3.12/site-packages/aiohttp/connector.py", line 1406, in _create_direct_connection
    raise last_exc
  File "/home/dungnt378/Desktop/work/SLA_PROBE/venv/lib/python3.12/site-packages/aiohttp/connector.py", line 1375, in _create_direct_connection
    transp, proto = await self._wrap_create_connection(
                    ^^^^^^^^^^^^^^^^^^^^^^^^^^^^^^^^^^^
  File "/home/dungnt378/Desktop/work/SLA_PROBE/venv/lib/python3.12/site-packages/aiohttp/connector.py", line 1130, in _wrap_create_connection
    raise client_error(req.connection_key, exc) from exc
aiohttp.client_exceptions.ClientConnectorError: Cannot connect to host localhost:8080 ssl:default [Connect call failed ('127.0.0.1', 8080)]
starting the process at: 2025-05-05 08:30:01
/home/dungnt378/Desktop/work/SLA_PROBE/SLA_GAME/sla_get.sh: 5: source: not found
/home/dungnt378/Desktop/work/SLA_PROBE/SLA_GAME/fetch_SLA_data.py:68: DeprecationWarning: The 'body' parameter is deprecated for the 'search' API and will be removed in a future version. Instead use API parameters directly. See https://github.com/elastic/elasticsearch-py/issues/1698 for more information
  resp = client.search(index=idx, body=query, scroll="2m")
/home/dungnt378/Desktop/work/SLA_PROBE/SLA_GAME/fetch_SLA_data.py:68: DeprecationWarning: The 'body' parameter is deprecated for the 'search' API and will be removed in a future version. Instead use API parameters directly. See https://github.com/elastic/elasticsearch-py/issues/1698 for more information
  resp = client.search(index=idx, body=query, scroll="2m")
/home/dungnt378/Desktop/work/SLA_PROBE/SLA_GAME/fetch_SLA_data.py:68: DeprecationWarning: The 'body' parameter is deprecated for the 'search' API and will be removed in a future version. Instead use API parameters directly. See https://github.com/elastic/elasticsearch-py/issues/1698 for more information
  resp = client.search(index=idx, body=query, scroll="2m")
Running main.py as script
Mode selected: up
(7, 17, 1)
❌ Error fetching data for 2025-05-01 to 2025-05-05: ConnectionError(<urllib3.connection.HTTPConnection object at 0x78ff131d4ce0>: Failed to establish a new connection: [Errno 101] Network is unreachable) caused by: NewConnectionError(<urllib3.connection.HTTPConnection object at 0x78ff131d4ce0>: Failed to establish a new connection: [Errno 101] Network is unreachable)
⚠️ No data returned for the given date range.
(7, 17, 1)
❌ Error fetching data for 2025-05-01 to 2025-05-05: ConnectionError(<urllib3.connection.HTTPConnection object at 0x78ff10c95c40>: Failed to establish a new connection: [Errno 101] Network is unreachable) caused by: NewConnectionError(<urllib3.connection.HTTPConnection object at 0x78ff10c95c40>: Failed to establish a new connection: [Errno 101] Network is unreachable)
⚠️ No data returned for the given date range.
(7, 17, 1)
❌ Error fetching data for 2025-05-01 to 2025-05-05: ConnectionError(<urllib3.connection.HTTPConnection object at 0x78ff10c96810>: Failed to establish a new connection: [Errno 101] Network is unreachable) caused by: NewConnectionError(<urllib3.connection.HTTPConnection object at 0x78ff10c96810>: Failed to establish a new connection: [Errno 101] Network is unreachable)
⚠️ No data returned for the given date range.
Traceback (most recent call last):
  File "/home/dungnt378/Desktop/work/SLA_PROBE/SLA_GAME/fetch_SLA_data.py", line 167, in <module>
    main(args.m)
  File "/home/dungnt378/Desktop/work/SLA_PROBE/SLA_GAME/fetch_SLA_data.py", line 115, in main
    list_data[idx] = i.groupby(['ip', 'date',"region"]).agg(
                     ^^^^^^^^^^^^^^^^^^^^^^^^^^^^^^^^^^
  File "/home/dungnt378/Desktop/work/SLA_PROBE/venv/lib/python3.12/site-packages/pandas/core/frame.py", line 9183, in groupby
    return DataFrameGroupBy(
           ^^^^^^^^^^^^^^^^^
  File "/home/dungnt378/Desktop/work/SLA_PROBE/venv/lib/python3.12/site-packages/pandas/core/groupby/groupby.py", line 1329, in __init__
    grouper, exclusions, obj = get_grouper(
                               ^^^^^^^^^^^^
  File "/home/dungnt378/Desktop/work/SLA_PROBE/venv/lib/python3.12/site-packages/pandas/core/groupby/grouper.py", line 1043, in get_grouper
    raise KeyError(gpr)
KeyError: 'ip'
starting the process at: 2025-05-08 08:30:01
/home/dungnt378/Desktop/work/SLA_PROBE/SLA_GAME/sla_get.sh: 5: source: not found
/home/dungnt378/Desktop/work/SLA_PROBE/SLA_GAME/fetch_SLA_data.py:68: DeprecationWarning: The 'body' parameter is deprecated for the 'search' API and will be removed in a future version. Instead use API parameters directly. See https://github.com/elastic/elasticsearch-py/issues/1698 for more information
  resp = client.search(index=idx, body=query, scroll="2m")
/home/dungnt378/Desktop/work/SLA_PROBE/SLA_GAME/fetch_SLA_data.py:127: FutureWarning: Series.__getitem__ treating keys as positions is deprecated. In a future version, integer keys will always be treated as labels (consistent with DataFrame behavior). To access a value by position, use `ser.iloc[pos]`
  latency_avg_per_week = [round((g[1].sum() / len(g[1]))[1], 2) for g in group2]
/home/dungnt378/Desktop/work/SLA_PROBE/SLA_GAME/fetch_SLA_data.py:128: FutureWarning: Series.__getitem__ treating keys as positions is deprecated. In a future version, integer keys will always be treated as labels (consistent with DataFrame behavior). To access a value by position, use `ser.iloc[pos]`
  packetloss_avg_per_week = [round((g[1].sum() / len(g[1]))[0], 2) for g in group2]
/home/dungnt378/Desktop/work/SLA_PROBE/SLA_GAME/fetch_SLA_data.py:135: FutureWarning: Series.__getitem__ treating keys as positions is deprecated. In a future version, integer keys will always be treated as labels (consistent with DataFrame behavior). To access a value by position, use `ser.iloc[pos]`
  latency_avg_per_week += [round((g[1].sum() / len(g[1]))[1], 2) for g in group1]
/home/dungnt378/Desktop/work/SLA_PROBE/SLA_GAME/fetch_SLA_data.py:136: FutureWarning: Series.__getitem__ treating keys as positions is deprecated. In a future version, integer keys will always be treated as labels (consistent with DataFrame behavior). To access a value by position, use `ser.iloc[pos]`
  packetloss_avg_per_week += [round((g[1].sum() / len(g[1]))[0], 2) for g in group1]
Running main.py as script
Mode selected: up
(7, 17, 1)
✅ Data successfully fetched
(7, 17, 1)
✅ Data successfully fetched
(7, 17, 1)
✅ Data successfully fetched
FILE BROWSER MODE: up
Traceback (most recent call last):
  File "/home/dungnt378/Desktop/work/SLA_PROBE/venv/lib/python3.12/site-packages/aiohttp/connector.py", line 1115, in _wrap_create_connection
    sock = await aiohappyeyeballs.start_connection(
           ^^^^^^^^^^^^^^^^^^^^^^^^^^^^^^^^^^^^^^^^
  File "/home/dungnt378/Desktop/work/SLA_PROBE/venv/lib/python3.12/site-packages/aiohappyeyeballs/impl.py", line 122, in start_connection
    raise first_exception
  File "/home/dungnt378/Desktop/work/SLA_PROBE/venv/lib/python3.12/site-packages/aiohappyeyeballs/impl.py", line 73, in start_connection
    sock = await _connect_sock(
           ^^^^^^^^^^^^^^^^^^^^
  File "/home/dungnt378/Desktop/work/SLA_PROBE/venv/lib/python3.12/site-packages/aiohappyeyeballs/impl.py", line 208, in _connect_sock
    await loop.sock_connect(sock, address)
  File "/usr/lib/python3.12/asyncio/selector_events.py", line 651, in sock_connect
    return await fut
           ^^^^^^^^^
  File "/usr/lib/python3.12/asyncio/selector_events.py", line 691, in _sock_connect_cb
    raise OSError(err, f'Connect call failed {address}')
ConnectionRefusedError: [Errno 111] Connect call failed ('127.0.0.1', 8080)

The above exception was the direct cause of the following exception:

Traceback (most recent call last):
  File "/home/dungnt378/Desktop/work/SLA_PROBE/SLA_GAME/fetch_SLA_data.py", line 167, in <module>
    main(args.m)
  File "/home/dungnt378/Desktop/work/SLA_PROBE/SLA_GAME/fetch_SLA_data.py", line 157, in main
    filebrowseraction(file=file, args=mode)
  File "/home/dungnt378/Desktop/work/SLA_PROBE/SLA_GAME/action.py", line 20, in filebrowseraction
    asyncio.run(connect(file,args))
  File "/usr/lib/python3.12/asyncio/runners.py", line 194, in run
    return runner.run(main)
           ^^^^^^^^^^^^^^^^
  File "/usr/lib/python3.12/asyncio/runners.py", line 118, in run
    return self._loop.run_until_complete(task)
           ^^^^^^^^^^^^^^^^^^^^^^^^^^^^^^^^^^^
  File "/usr/lib/python3.12/asyncio/base_events.py", line 687, in run_until_complete
    return future.result()
           ^^^^^^^^^^^^^^^
  File "/home/dungnt378/Desktop/work/SLA_PROBE/SLA_GAME/action.py", line 7, in connect
    await client.connect()
  File "/home/dungnt378/Desktop/work/SLA_PROBE/venv/lib/python3.12/site-packages/filebrowser_client/client.py", line 54, in connect
    async with session.post(
  File "/home/dungnt378/Desktop/work/SLA_PROBE/venv/lib/python3.12/site-packages/aiohttp/client.py", line 1425, in __aenter__
    self._resp: _RetType = await self._coro
                           ^^^^^^^^^^^^^^^^
  File "/home/dungnt378/Desktop/work/SLA_PROBE/venv/lib/python3.12/site-packages/aiohttp/client.py", line 703, in _request
    conn = await self._connector.connect(
           ^^^^^^^^^^^^^^^^^^^^^^^^^^^^^^
  File "/home/dungnt378/Desktop/work/SLA_PROBE/venv/lib/python3.12/site-packages/aiohttp/connector.py", line 548, in connect
    proto = await self._create_connection(req, traces, timeout)
            ^^^^^^^^^^^^^^^^^^^^^^^^^^^^^^^^^^^^^^^^^^^^^^^^^^^
  File "/home/dungnt378/Desktop/work/SLA_PROBE/venv/lib/python3.12/site-packages/aiohttp/connector.py", line 1056, in _create_connection
    _, proto = await self._create_direct_connection(req, traces, timeout)
               ^^^^^^^^^^^^^^^^^^^^^^^^^^^^^^^^^^^^^^^^^^^^^^^^^^^^^^^^^^
  File "/home/dungnt378/Desktop/work/SLA_PROBE/venv/lib/python3.12/site-packages/aiohttp/connector.py", line 1406, in _create_direct_connection
    raise last_exc
  File "/home/dungnt378/Desktop/work/SLA_PROBE/venv/lib/python3.12/site-packages/aiohttp/connector.py", line 1375, in _create_direct_connection
    transp, proto = await self._wrap_create_connection(
                    ^^^^^^^^^^^^^^^^^^^^^^^^^^^^^^^^^^^
  File "/home/dungnt378/Desktop/work/SLA_PROBE/venv/lib/python3.12/site-packages/aiohttp/connector.py", line 1130, in _wrap_create_connection
    raise client_error(req.connection_key, exc) from exc
aiohttp.client_exceptions.ClientConnectorError: Cannot connect to host localhost:8080 ssl:default [Connect call failed ('127.0.0.1', 8080)]
starting the process at: 2025-05-12 08:30:01
/home/dungnt378/Desktop/work/SLA_PROBE/SLA_GAME/sla_get.sh: 5: source: not found
/home/dungnt378/Desktop/work/SLA_PROBE/SLA_GAME/fetch_SLA_data.py:68: DeprecationWarning: The 'body' parameter is deprecated for the 'search' API and will be removed in a future version. Instead use API parameters directly. See https://github.com/elastic/elasticsearch-py/issues/1698 for more information
  resp = client.search(index=idx, body=query, scroll="2m")
Running main.py as script
Mode selected: up
(7, 17, 1)
✅ Data successfully fetched
(7, 17, 1)
✅ Data successfully fetched
(7, 17, 1)
✅ Data successfully fetched
cleared from 118.71.46.254
Traceback (most recent call last):
  File "/home/dungnt378/Desktop/work/SLA_PROBE/SLA_GAME/fetch_SLA_data.py", line 172, in <module>
    main(args.m)
  File "/home/dungnt378/Desktop/work/SLA_PROBE/SLA_GAME/fetch_SLA_data.py", line 120, in main
    list_data[idx] = i.groupby(['ip', 'date',"region","service"]).agg(
                     ^^^^^^^^^
AttributeError: 'NoneType' object has no attribute 'groupby'
